<?xml version="1.0" encoding="UTF-8"?>
<!-- Generated by org.testng.reporters.JUnitXMLReporter -->
<testsuite hostname="Lenovo-PC" name="Test" tests="3" failures="1" timestamp="11 Nov 2016 01:12:56 GMT" time="110.603" errors="0">
  <testcase name="testTC02" time="42.333" classname="scripts.TC2"/>
  <testcase name="testTC03" time="28.246" classname="scripts.TC03">
    <failure type="java.lang.AssertionError" message="expected [Customer Login - Rightstart.com] but found [Baby Registry, Strollers, Convertible Car Seats &amp;amp; more - Rightstart.com]">
      <![CDATA[java.lang.AssertionError: expected [Customer Login - Rightstart.com] but found [Baby Registry, Strollers, Convertible Car Seats & more - Rightstart.com]
	at scripts.TC03.testTC03(TC03.java:25)
... Removed 30 stack frames]]>
    </failure>
  </testcase> <!-- testTC03 -->
  <testcase name="testTC01" time="17.333" classname="scripts.TC01"/>
</testsuite> <!-- Test -->
